<?xml version="1.0" encoding="UTF-8"?>
<!-- Generated by org.testng.reporters.JUnitXMLReporter -->
<testsuite ignored="0" hostname="DESKTOP-C5G88TU" failures="0" tests="2" name="SignInTest" time="0.128" errors="0" timestamp="2024-12-24T23:56:31 IST">
  <testcase classname="com.candymapper.test.FlightBookingTest" name="@BeforeTest initialize" time="0.02">
    <failure type="java.io.FileNotFoundException" message="C:\Users\Ravikumar\eclipse-workspace\CandyMapperAutomationFramework\src\test\java\com\orangehrm\config\production.properties (The system cannot find the path specified)">
      <![CDATA[java.io.FileNotFoundException: C:\Users\Ravikumar\eclipse-workspace\CandyMapperAutomationFramework\src\test\java\com\orangehrm\config\production.properties (The system cannot find the path specified)
at java.base/java.io.FileInputStream.open0(Native Method)
at java.base/java.io.FileInputStream.open(FileInputStream.java:213)
at java.base/java.io.FileInputStream.<init>(FileInputStream.java:152)
at java.base/java.io.FileInputStream.<init>(FileInputStream.java:106)
at com.candymapper.base.TestBase.loadProperties(TestBase.java:44)
at com.candymapper.base.TestBase.setUp(TestBase.java:51)
at com.candymapper.test.FlightBookingTest.initialize(FlightBookingTest.java:22)
... Removed 22 stack frames]]>
    </failure>
  </testcase> <!-- @BeforeTest initialize -->
  <testcase classname="com.candymapper.test.SignInTest" name="@BeforeTest initialize" time="-1.735064791315E9">
    <skipped/>
  </testcase> <!-- @BeforeTest initialize -->
  <testcase classname="com.candymapper.base.TestBase" name="@BeforeMethod setUp" time="-1.735064791357E9">
    <skipped/>
  </testcase> <!-- @BeforeMethod setUp -->
  <testcase classname="com.candymapper.base.TestBase" name="@AfterMethod getScreenshotPath" time="-1.735064791367E9">
    <skipped/>
  </testcase> <!-- @AfterMethod getScreenshotPath -->
  <testcase classname="com.candymapper.base.TestBase" name="@BeforeMethod setUp" time="-1.735064791377E9">
    <skipped/>
  </testcase> <!-- @BeforeMethod setUp -->
  <testcase classname="com.candymapper.base.TestBase" name="@AfterMethod getScreenshotPath" time="-1.735064791389E9">
    <skipped/>
  </testcase> <!-- @AfterMethod getScreenshotPath -->
  <testcase classname="com.candymapper.test.FlightBookingTest" name="@AfterTest tearDown" time="-1.735064791396E9">
    <skipped/>
  </testcase> <!-- @AfterTest tearDown -->
  <testcase classname="com.candymapper.test.SignInTest" name="@AfterTest tearDown" time="-1.735064791402E9">
    <skipped/>
  </testcase> <!-- @AfterTest tearDown -->
  <testcase classname="com.candymapper.test.SignInTest" name="SignIn" time="0.0">
    <skipped/>
  </testcase> <!-- SignIn -->
  <testcase classname="com.candymapper.test.FlightBookingTest" name="FlightBooking" time="0.0">
    <skipped/>
  </testcase> <!-- FlightBooking -->
</testsuite> <!-- SignInTest -->
